
*** Running vivado
    with args -log design_1_axi_bram_ctrl_0_0.vds -m64 -product Vivado -mode batch -messageDb vivado.pb -notrace -source design_1_axi_bram_ctrl_0_0.tcl


****** Vivado v2019.1 (64-bit)
  **** SW Build 2552052 on Fri May 24 14:47:09 MDT 2019
  **** IP Build 2548770 on Fri May 24 18:01:18 MDT 2019
    ** Copyright 1986-2019 Xilinx, Inc. All Rights Reserved.

source design_1_axi_bram_ctrl_0_0.tcl -notrace
Command: synth_design -top design_1_axi_bram_ctrl_0_0 -part xc7a50tcsg325-2 -mode out_of_context
Starting synth_design
Attempting to get a license for feature 'Synthesis' and/or device 'xc7a50t'
INFO: [Common 17-349] Got license for feature 'Synthesis' and/or device 'xc7a50t'
INFO: [Device 21-403] Loading part xc7a50tcsg325-2
INFO: Launching helper process for spawning children vivado processes
INFO: Helper process launched with PID 24819 
---------------------------------------------------------------------------------
Starting RTL Elaboration : Time (s): cpu = 00:00:03 ; elapsed = 00:00:05 . Memory (MB): peak = 1675.270 ; gain = 152.715 ; free physical = 51294 ; free virtual = 57907
---------------------------------------------------------------------------------
INFO: [Synth 8-638] synthesizing module 'design_1_axi_bram_ctrl_0_0' [/home/peter/PicoEVB/20191/project_1.srcs/sources_1/bd/design_1/ip/design_1_axi_bram_ctrl_0_0/synth/design_1_axi_bram_ctrl_0_0.vhd:108]
	Parameter C_BRAM_INST_MODE bound to: EXTERNAL - type: string 
	Parameter C_MEMORY_DEPTH bound to: 1024 - type: integer 
	Parameter C_BRAM_ADDR_WIDTH bound to: 10 - type: integer 
	Parameter C_S_AXI_ADDR_WIDTH bound to: 13 - type: integer 
	Parameter C_S_AXI_DATA_WIDTH bound to: 64 - type: integer 
	Parameter C_S_AXI_ID_WIDTH bound to: 4 - type: integer 
	Parameter C_S_AXI_PROTOCOL bound to: AXI4 - type: string 
	Parameter C_S_AXI_SUPPORTS_NARROW_BURST bound to: 0 - type: integer 
	Parameter C_SINGLE_PORT_BRAM bound to: 1 - type: integer 
	Parameter C_FAMILY bound to: artix7 - type: string 
	Parameter C_READ_LATENCY bound to: 1 - type: integer 
	Parameter C_RD_CMD_OPTIMIZATION bound to: 0 - type: integer 
	Parameter C_S_AXI_CTRL_ADDR_WIDTH bound to: 32 - type: integer 
	Parameter C_S_AXI_CTRL_DATA_WIDTH bound to: 32 - type: integer 
	Parameter C_ECC bound to: 0 - type: integer 
	Parameter C_ECC_TYPE bound to: 0 - type: integer 
	Parameter C_FAULT_INJECT bound to: 0 - type: integer 
	Parameter C_ECC_ONOFF_RESET_VALUE bound to: 0 - type: integer 
INFO: [Synth 8-3491] module 'axi_bram_ctrl' declared at '/home/peter/PicoEVB/20191/project_1.srcs/sources_1/bd/design_1/ipshared/70bf/hdl/axi_bram_ctrl_v4_1_rfs.vhd:31356' bound to instance 'U0' of component 'axi_bram_ctrl' [/home/peter/PicoEVB/20191/project_1.srcs/sources_1/bd/design_1/ip/design_1_axi_bram_ctrl_0_0/synth/design_1_axi_bram_ctrl_0_0.vhd:263]
INFO: [Synth 8-638] synthesizing module 'axi_bram_ctrl' [/home/peter/PicoEVB/20191/project_1.srcs/sources_1/bd/design_1/ipshared/70bf/hdl/axi_bram_ctrl_v4_1_rfs.vhd:31527]
	Parameter C_BRAM_INST_MODE bound to: EXTERNAL - type: string 
	Parameter C_MEMORY_DEPTH bound to: 1024 - type: integer 
	Parameter C_BRAM_ADDR_WIDTH bound to: 10 - type: integer 
	Parameter C_S_AXI_ADDR_WIDTH bound to: 13 - type: integer 
	Parameter C_S_AXI_DATA_WIDTH bound to: 64 - type: integer 
	Parameter C_S_AXI_ID_WIDTH bound to: 4 - type: integer 
	Parameter C_S_AXI_PROTOCOL bound to: AXI4 - type: string 
	Parameter C_S_AXI_SUPPORTS_NARROW_BURST bound to: 0 - type: integer 
	Parameter C_SINGLE_PORT_BRAM bound to: 1 - type: integer 
	Parameter C_FAMILY bound to: artix7 - type: string 
	Parameter C_READ_LATENCY bound to: 1 - type: integer 
	Parameter C_RD_CMD_OPTIMIZATION bound to: 0 - type: integer 
	Parameter C_S_AXI_CTRL_ADDR_WIDTH bound to: 32 - type: integer 
	Parameter C_S_AXI_CTRL_DATA_WIDTH bound to: 32 - type: integer 
	Parameter C_ECC bound to: 0 - type: integer 
	Parameter C_ECC_TYPE bound to: 0 - type: integer 
	Parameter C_FAULT_INJECT bound to: 0 - type: integer 
	Parameter C_ECC_ONOFF_RESET_VALUE bound to: 0 - type: integer 
INFO: [Synth 8-638] synthesizing module 'axi_bram_ctrl_top' [/home/peter/PicoEVB/20191/project_1.srcs/sources_1/bd/design_1/ipshared/70bf/hdl/axi_bram_ctrl_v4_1_rfs.vhd:30526]
	Parameter C_BRAM_ADDR_WIDTH bound to: 10 - type: integer 
	Parameter C_S_AXI_ADDR_WIDTH bound to: 13 - type: integer 
	Parameter C_S_AXI_DATA_WIDTH bound to: 64 - type: integer 
	Parameter C_S_AXI_ID_WIDTH bound to: 4 - type: integer 
	Parameter C_S_AXI_PROTOCOL bound to: AXI4 - type: string 
	Parameter C_S_AXI_SUPPORTS_NARROW_BURST bound to: 0 - type: integer 
	Parameter C_SINGLE_PORT_BRAM bound to: 1 - type: integer 
	Parameter C_FAMILY bound to: artix7 - type: string 
	Parameter C_S_AXI_CTRL_ADDR_WIDTH bound to: 32 - type: integer 
	Parameter C_S_AXI_CTRL_DATA_WIDTH bound to: 32 - type: integer 
	Parameter C_READ_LATENCY bound to: 1 - type: integer 
	Parameter C_RD_CMD_OPTIMIZATION bound to: 0 - type: integer 
	Parameter C_ECC bound to: 0 - type: integer 
	Parameter C_ECC_TYPE bound to: 0 - type: integer 
	Parameter C_FAULT_INJECT bound to: 0 - type: integer 
	Parameter C_ECC_ONOFF_RESET_VALUE bound to: 0 - type: integer 
INFO: [Synth 8-638] synthesizing module 'full_axi' [/home/peter/PicoEVB/20191/project_1.srcs/sources_1/bd/design_1/ipshared/70bf/hdl/axi_bram_ctrl_v4_1_rfs.vhd:29280]
	Parameter C_S_AXI_ADDR_WIDTH bound to: 13 - type: integer 
	Parameter C_S_AXI_DATA_WIDTH bound to: 64 - type: integer 
	Parameter C_S_AXI_ID_WIDTH bound to: 4 - type: integer 
	Parameter C_S_AXI_PROTOCOL bound to: AXI4 - type: string 
	Parameter C_S_AXI_SUPPORTS_NARROW_BURST bound to: 0 - type: integer 
	Parameter C_SINGLE_PORT_BRAM bound to: 1 - type: integer 
	Parameter C_READ_LATENCY bound to: 1 - type: integer 
	Parameter C_RD_CMD_OPTIMIZATION bound to: 0 - type: integer 
	Parameter C_S_AXI_CTRL_ADDR_WIDTH bound to: 32 - type: integer 
	Parameter C_S_AXI_CTRL_DATA_WIDTH bound to: 32 - type: integer 
	Parameter C_ECC bound to: 0 - type: integer 
	Parameter C_ECC_WIDTH bound to: 0 - type: integer 
	Parameter C_ECC_TYPE bound to: 0 - type: integer 
	Parameter C_FAULT_INJECT bound to: 0 - type: integer 
	Parameter C_ECC_ONOFF_RESET_VALUE bound to: 0 - type: integer 
	Parameter C_ENABLE_AXI_CTRL_REG_IF bound to: 0 - type: integer 
	Parameter C_CE_FAILING_REGISTERS bound to: 0 - type: integer 
	Parameter C_UE_FAILING_REGISTERS bound to: 0 - type: integer 
	Parameter C_ECC_STATUS_REGISTERS bound to: 0 - type: integer 
	Parameter C_ECC_ONOFF_REGISTER bound to: 0 - type: integer 
	Parameter C_CE_COUNTER_WIDTH bound to: 0 - type: integer 
WARNING: [Synth 8-6774] Null subtype or type declaration found [/home/peter/PicoEVB/20191/project_1.srcs/sources_1/bd/design_1/ipshared/70bf/hdl/axi_bram_ctrl_v4_1_rfs.vhd:29350]
INFO: [Synth 8-3919] null assignment ignored [/home/peter/PicoEVB/20191/project_1.srcs/sources_1/bd/design_1/ipshared/70bf/hdl/axi_bram_ctrl_v4_1_rfs.vhd:29350]
INFO: [Synth 8-638] synthesizing module 'sng_port_arb' [/home/peter/PicoEVB/20191/project_1.srcs/sources_1/bd/design_1/ipshared/70bf/hdl/axi_bram_ctrl_v4_1_rfs.vhd:11456]
	Parameter C_S_AXI_ADDR_WIDTH bound to: 13 - type: integer 
INFO: [Synth 8-256] done synthesizing module 'sng_port_arb' (1#1) [/home/peter/PicoEVB/20191/project_1.srcs/sources_1/bd/design_1/ipshared/70bf/hdl/axi_bram_ctrl_v4_1_rfs.vhd:11456]
INFO: [Synth 8-638] synthesizing module 'wr_chnl' [/home/peter/PicoEVB/20191/project_1.srcs/sources_1/bd/design_1/ipshared/70bf/hdl/axi_bram_ctrl_v4_1_rfs.vhd:24159]
	Parameter C_AXI_ADDR_WIDTH bound to: 13 - type: integer 
	Parameter C_BRAM_ADDR_ADJUST_FACTOR bound to: 3 - type: integer 
	Parameter C_AXI_DATA_WIDTH bound to: 64 - type: integer 
	Parameter C_AXI_ID_WIDTH bound to: 4 - type: integer 
	Parameter C_S_AXI_SUPPORTS_NARROW bound to: 0 - type: integer 
	Parameter C_READ_LATENCY bound to: 1 - type: integer 
	Parameter C_S_AXI_PROTOCOL bound to: AXI4 - type: string 
	Parameter C_SINGLE_PORT_BRAM bound to: 1 - type: integer 
	Parameter C_ECC bound to: 0 - type: integer 
	Parameter C_ECC_WIDTH bound to: 0 - type: integer 
	Parameter C_ECC_TYPE bound to: 0 - type: integer 
INFO: [Synth 8-506] null port 'FaultInjectECC' ignored [/home/peter/PicoEVB/20191/project_1.srcs/sources_1/bd/design_1/ipshared/70bf/hdl/axi_bram_ctrl_v4_1_rfs.vhd:24126]
INFO: [Synth 8-638] synthesizing module 'wrap_brst' [/home/peter/PicoEVB/20191/project_1.srcs/sources_1/bd/design_1/ipshared/70bf/hdl/axi_bram_ctrl_v4_1_rfs.vhd:12455]
	Parameter C_AXI_ADDR_WIDTH bound to: 13 - type: integer 
	Parameter C_BRAM_ADDR_ADJUST_FACTOR bound to: 3 - type: integer 
	Parameter C_AXI_DATA_WIDTH bound to: 64 - type: integer 
INFO: [Synth 8-256] done synthesizing module 'wrap_brst' (2#1) [/home/peter/PicoEVB/20191/project_1.srcs/sources_1/bd/design_1/ipshared/70bf/hdl/axi_bram_ctrl_v4_1_rfs.vhd:12455]
INFO: [Synth 8-638] synthesizing module 'SRL_FIFO' [/home/peter/PicoEVB/20191/project_1.srcs/sources_1/bd/design_1/ipshared/70bf/hdl/axi_bram_ctrl_v4_1_rfs.vhd:133]
	Parameter C_DATA_BITS bound to: 4 - type: integer 
	Parameter C_DEPTH bound to: 8 - type: integer 
	Parameter C_XON bound to: 0 - type: bool 
INFO: [Synth 8-3491] module 'FDR' declared at '/home/peter/Xilinx/Vivado/2019.1/scripts/rt/data/unisim_comp.v:13651' bound to instance 'Data_Exists_DFF' of component 'FDR' [/home/peter/PicoEVB/20191/project_1.srcs/sources_1/bd/design_1/ipshared/70bf/hdl/axi_bram_ctrl_v4_1_rfs.vhd:230]
INFO: [Synth 8-6157] synthesizing module 'FDR' [/home/peter/Xilinx/Vivado/2019.1/scripts/rt/data/unisim_comp.v:13651]
	Parameter INIT bound to: 1'b0 
INFO: [Synth 8-6155] done synthesizing module 'FDR' (3#1) [/home/peter/Xilinx/Vivado/2019.1/scripts/rt/data/unisim_comp.v:13651]
INFO: [Synth 8-3491] module 'MUXCY_L' declared at '/home/peter/Xilinx/Vivado/2019.1/scripts/rt/data/unisim_comp.v:42771' bound to instance 'MUXCY_L_I' of component 'MUXCY_L' [/home/peter/PicoEVB/20191/project_1.srcs/sources_1/bd/design_1/ipshared/70bf/hdl/axi_bram_ctrl_v4_1_rfs.vhd:247]
INFO: [Synth 8-6157] synthesizing module 'MUXCY_L' [/home/peter/Xilinx/Vivado/2019.1/scripts/rt/data/unisim_comp.v:42771]
INFO: [Synth 8-6155] done synthesizing module 'MUXCY_L' (4#1) [/home/peter/Xilinx/Vivado/2019.1/scripts/rt/data/unisim_comp.v:42771]
INFO: [Synth 8-3491] module 'XORCY' declared at '/home/peter/Xilinx/Vivado/2019.1/scripts/rt/data/unisim_comp.v:82038' bound to instance 'XORCY_I' of component 'XORCY' [/home/peter/PicoEVB/20191/project_1.srcs/sources_1/bd/design_1/ipshared/70bf/hdl/axi_bram_ctrl_v4_1_rfs.vhd:254]
INFO: [Synth 8-6157] synthesizing module 'XORCY' [/home/peter/Xilinx/Vivado/2019.1/scripts/rt/data/unisim_comp.v:82038]
INFO: [Synth 8-6155] done synthesizing module 'XORCY' (5#1) [/home/peter/Xilinx/Vivado/2019.1/scripts/rt/data/unisim_comp.v:82038]
INFO: [Synth 8-3491] module 'FDRE' declared at '/home/peter/Xilinx/Vivado/2019.1/scripts/rt/data/unisim_comp.v:13664' bound to instance 'FDRE_I' of component 'FDRE' [/home/peter/PicoEVB/20191/project_1.srcs/sources_1/bd/design_1/ipshared/70bf/hdl/axi_bram_ctrl_v4_1_rfs.vhd:260]
INFO: [Synth 8-6157] synthesizing module 'FDRE' [/home/peter/Xilinx/Vivado/2019.1/scripts/rt/data/unisim_comp.v:13664]
	Parameter INIT bound to: 1'b0 
	Parameter IS_C_INVERTED bound to: 1'b0 
	Parameter IS_D_INVERTED bound to: 1'b0 
	Parameter IS_R_INVERTED bound to: 1'b0 
INFO: [Synth 8-6155] done synthesizing module 'FDRE' (6#1) [/home/peter/Xilinx/Vivado/2019.1/scripts/rt/data/unisim_comp.v:13664]
INFO: [Synth 8-3491] module 'MUXCY_L' declared at '/home/peter/Xilinx/Vivado/2019.1/scripts/rt/data/unisim_comp.v:42771' bound to instance 'MUXCY_L_I' of component 'MUXCY_L' [/home/peter/PicoEVB/20191/project_1.srcs/sources_1/bd/design_1/ipshared/70bf/hdl/axi_bram_ctrl_v4_1_rfs.vhd:247]
INFO: [Synth 8-3491] module 'XORCY' declared at '/home/peter/Xilinx/Vivado/2019.1/scripts/rt/data/unisim_comp.v:82038' bound to instance 'XORCY_I' of component 'XORCY' [/home/peter/PicoEVB/20191/project_1.srcs/sources_1/bd/design_1/ipshared/70bf/hdl/axi_bram_ctrl_v4_1_rfs.vhd:254]
INFO: [Synth 8-3491] module 'FDRE' declared at '/home/peter/Xilinx/Vivado/2019.1/scripts/rt/data/unisim_comp.v:13664' bound to instance 'FDRE_I' of component 'FDRE' [/home/peter/PicoEVB/20191/project_1.srcs/sources_1/bd/design_1/ipshared/70bf/hdl/axi_bram_ctrl_v4_1_rfs.vhd:260]
INFO: [Synth 8-3491] module 'MUXCY_L' declared at '/home/peter/Xilinx/Vivado/2019.1/scripts/rt/data/unisim_comp.v:42771' bound to instance 'MUXCY_L_I' of component 'MUXCY_L' [/home/peter/PicoEVB/20191/project_1.srcs/sources_1/bd/design_1/ipshared/70bf/hdl/axi_bram_ctrl_v4_1_rfs.vhd:247]
INFO: [Synth 8-3491] module 'XORCY' declared at '/home/peter/Xilinx/Vivado/2019.1/scripts/rt/data/unisim_comp.v:82038' bound to instance 'XORCY_I' of component 'XORCY' [/home/peter/PicoEVB/20191/project_1.srcs/sources_1/bd/design_1/ipshared/70bf/hdl/axi_bram_ctrl_v4_1_rfs.vhd:254]
INFO: [Synth 8-3491] module 'FDRE' declared at '/home/peter/Xilinx/Vivado/2019.1/scripts/rt/data/unisim_comp.v:13664' bound to instance 'FDRE_I' of component 'FDRE' [/home/peter/PicoEVB/20191/project_1.srcs/sources_1/bd/design_1/ipshared/70bf/hdl/axi_bram_ctrl_v4_1_rfs.vhd:260]
INFO: [Synth 8-3491] module 'MUXCY_L' declared at '/home/peter/Xilinx/Vivado/2019.1/scripts/rt/data/unisim_comp.v:42771' bound to instance 'MUXCY_L_I' of component 'MUXCY_L' [/home/peter/PicoEVB/20191/project_1.srcs/sources_1/bd/design_1/ipshared/70bf/hdl/axi_bram_ctrl_v4_1_rfs.vhd:247]
INFO: [Synth 8-3491] module 'XORCY' declared at '/home/peter/Xilinx/Vivado/2019.1/scripts/rt/data/unisim_comp.v:82038' bound to instance 'XORCY_I' of component 'XORCY' [/home/peter/PicoEVB/20191/project_1.srcs/sources_1/bd/design_1/ipshared/70bf/hdl/axi_bram_ctrl_v4_1_rfs.vhd:254]
INFO: [Synth 8-3491] module 'FDRE' declared at '/home/peter/Xilinx/Vivado/2019.1/scripts/rt/data/unisim_comp.v:13664' bound to instance 'FDRE_I' of component 'FDRE' [/home/peter/PicoEVB/20191/project_1.srcs/sources_1/bd/design_1/ipshared/70bf/hdl/axi_bram_ctrl_v4_1_rfs.vhd:260]
INFO: [Synth 8-3491] module 'SRL16E' declared at '/home/peter/Xilinx/Vivado/2019.1/scripts/rt/data/unisim_comp.v:77700' bound to instance 'SRL16E_I' of component 'SRL16E' [/home/peter/PicoEVB/20191/project_1.srcs/sources_1/bd/design_1/ipshared/70bf/hdl/axi_bram_ctrl_v4_1_rfs.vhd:271]
INFO: [Synth 8-6157] synthesizing module 'SRL16E' [/home/peter/Xilinx/Vivado/2019.1/scripts/rt/data/unisim_comp.v:77700]
	Parameter INIT bound to: 16'b0000000000000000 
	Parameter IS_CLK_INVERTED bound to: 1'b0 
INFO: [Synth 8-6155] done synthesizing module 'SRL16E' (7#1) [/home/peter/Xilinx/Vivado/2019.1/scripts/rt/data/unisim_comp.v:77700]
INFO: [Synth 8-3491] module 'SRL16E' declared at '/home/peter/Xilinx/Vivado/2019.1/scripts/rt/data/unisim_comp.v:77700' bound to instance 'SRL16E_I' of component 'SRL16E' [/home/peter/PicoEVB/20191/project_1.srcs/sources_1/bd/design_1/ipshared/70bf/hdl/axi_bram_ctrl_v4_1_rfs.vhd:271]
INFO: [Synth 8-3491] module 'SRL16E' declared at '/home/peter/Xilinx/Vivado/2019.1/scripts/rt/data/unisim_comp.v:77700' bound to instance 'SRL16E_I' of component 'SRL16E' [/home/peter/PicoEVB/20191/project_1.srcs/sources_1/bd/design_1/ipshared/70bf/hdl/axi_bram_ctrl_v4_1_rfs.vhd:271]
INFO: [Synth 8-3491] module 'SRL16E' declared at '/home/peter/Xilinx/Vivado/2019.1/scripts/rt/data/unisim_comp.v:77700' bound to instance 'SRL16E_I' of component 'SRL16E' [/home/peter/PicoEVB/20191/project_1.srcs/sources_1/bd/design_1/ipshared/70bf/hdl/axi_bram_ctrl_v4_1_rfs.vhd:271]
INFO: [Synth 8-256] done synthesizing module 'SRL_FIFO' (8#1) [/home/peter/PicoEVB/20191/project_1.srcs/sources_1/bd/design_1/ipshared/70bf/hdl/axi_bram_ctrl_v4_1_rfs.vhd:133]
WARNING: [Synth 8-6014] Unused sequential element curr_awsize_reg_reg was removed.  [/home/peter/PicoEVB/20191/project_1.srcs/sources_1/bd/design_1/ipshared/70bf/hdl/axi_bram_ctrl_v4_1_rfs.vhd:25318]
WARNING: [Synth 8-6014] Unused sequential element curr_awlen_reg_1_or_2_reg was removed.  [/home/peter/PicoEVB/20191/project_1.srcs/sources_1/bd/design_1/ipshared/70bf/hdl/axi_bram_ctrl_v4_1_rfs.vhd:25596]
INFO: [Synth 8-256] done synthesizing module 'wr_chnl' (9#1) [/home/peter/PicoEVB/20191/project_1.srcs/sources_1/bd/design_1/ipshared/70bf/hdl/axi_bram_ctrl_v4_1_rfs.vhd:24159]
WARNING: [Synth 8-6778] Component port with null array found, Will be ignored [/home/peter/PicoEVB/20191/project_1.srcs/sources_1/bd/design_1/ipshared/70bf/hdl/axi_bram_ctrl_v4_1_rfs.vhd:30019]
INFO: [Synth 8-638] synthesizing module 'rd_chnl' [/home/peter/PicoEVB/20191/project_1.srcs/sources_1/bd/design_1/ipshared/70bf/hdl/axi_bram_ctrl_v4_1_rfs.vhd:14746]
	Parameter C_AXI_ADDR_WIDTH bound to: 13 - type: integer 
	Parameter C_BRAM_ADDR_ADJUST_FACTOR bound to: 3 - type: integer 
	Parameter C_AXI_DATA_WIDTH bound to: 64 - type: integer 
	Parameter C_AXI_ID_WIDTH bound to: 4 - type: integer 
	Parameter C_S_AXI_SUPPORTS_NARROW bound to: 0 - type: integer 
	Parameter C_READ_LATENCY bound to: 1 - type: integer 
	Parameter C_RD_CMD_OPTIMIZATION bound to: 0 - type: integer 
	Parameter C_S_AXI_PROTOCOL bound to: AXI4 - type: string 
	Parameter C_SINGLE_PORT_BRAM bound to: 1 - type: integer 
	Parameter C_ECC bound to: 0 - type: integer 
	Parameter C_ECC_WIDTH bound to: 0 - type: integer 
	Parameter C_ECC_TYPE bound to: 0 - type: integer 
INFO: [Synth 8-5534] Detected attribute (* ram_style = "block" *) [/home/peter/PicoEVB/20191/project_1.srcs/sources_1/bd/design_1/ipshared/70bf/hdl/axi_bram_ctrl_v4_1_rfs.vhd:15207]
WARNING: [Synth 8-6014] Unused sequential element GEN_NO_RD_CMD_OPT.curr_arsize_reg_reg was removed.  [/home/peter/PicoEVB/20191/project_1.srcs/sources_1/bd/design_1/ipshared/70bf/hdl/axi_bram_ctrl_v4_1_rfs.vhd:15998]
WARNING: [Synth 8-6014] Unused sequential element GEN_NO_RD_CMD_OPT.no_ar_ack_reg was removed.  [/home/peter/PicoEVB/20191/project_1.srcs/sources_1/bd/design_1/ipshared/70bf/hdl/axi_bram_ctrl_v4_1_rfs.vhd:19903]
WARNING: [Synth 8-6014] Unused sequential element GEN_NO_RD_CMD_OPT.do_cmplt_burst_reg was removed.  [/home/peter/PicoEVB/20191/project_1.srcs/sources_1/bd/design_1/ipshared/70bf/hdl/axi_bram_ctrl_v4_1_rfs.vhd:21244]
WARNING: [Synth 8-6014] Unused sequential element GEN_NO_RD_CMD_OPT.axi_arsize_pipe_max_reg was removed.  [/home/peter/PicoEVB/20191/project_1.srcs/sources_1/bd/design_1/ipshared/70bf/hdl/axi_bram_ctrl_v4_1_rfs.vhd:15506]
INFO: [Synth 8-256] done synthesizing module 'rd_chnl' (10#1) [/home/peter/PicoEVB/20191/project_1.srcs/sources_1/bd/design_1/ipshared/70bf/hdl/axi_bram_ctrl_v4_1_rfs.vhd:14746]
INFO: [Synth 8-256] done synthesizing module 'full_axi' (11#1) [/home/peter/PicoEVB/20191/project_1.srcs/sources_1/bd/design_1/ipshared/70bf/hdl/axi_bram_ctrl_v4_1_rfs.vhd:29280]
INFO: [Synth 8-256] done synthesizing module 'axi_bram_ctrl_top' (12#1) [/home/peter/PicoEVB/20191/project_1.srcs/sources_1/bd/design_1/ipshared/70bf/hdl/axi_bram_ctrl_v4_1_rfs.vhd:30526]
INFO: [Synth 8-256] done synthesizing module 'axi_bram_ctrl' (13#1) [/home/peter/PicoEVB/20191/project_1.srcs/sources_1/bd/design_1/ipshared/70bf/hdl/axi_bram_ctrl_v4_1_rfs.vhd:31527]
INFO: [Synth 8-256] done synthesizing module 'design_1_axi_bram_ctrl_0_0' (14#1) [/home/peter/PicoEVB/20191/project_1.srcs/sources_1/bd/design_1/ip/design_1_axi_bram_ctrl_0_0/synth/design_1_axi_bram_ctrl_0_0.vhd:108]
WARNING: [Synth 8-3331] design sng_port_arb has unconnected port AXI_AWADDR[12]
WARNING: [Synth 8-3331] design sng_port_arb has unconnected port AXI_AWADDR[11]
WARNING: [Synth 8-3331] design sng_port_arb has unconnected port AXI_AWADDR[10]
WARNING: [Synth 8-3331] design sng_port_arb has unconnected port AXI_AWADDR[9]
WARNING: [Synth 8-3331] design sng_port_arb has unconnected port AXI_AWADDR[8]
WARNING: [Synth 8-3331] design sng_port_arb has unconnected port AXI_AWADDR[7]
WARNING: [Synth 8-3331] design sng_port_arb has unconnected port AXI_AWADDR[6]
WARNING: [Synth 8-3331] design sng_port_arb has unconnected port AXI_AWADDR[5]
WARNING: [Synth 8-3331] design sng_port_arb has unconnected port AXI_AWADDR[4]
WARNING: [Synth 8-3331] design sng_port_arb has unconnected port AXI_AWADDR[3]
WARNING: [Synth 8-3331] design sng_port_arb has unconnected port AXI_AWADDR[2]
WARNING: [Synth 8-3331] design sng_port_arb has unconnected port AXI_AWADDR[1]
WARNING: [Synth 8-3331] design sng_port_arb has unconnected port AXI_AWADDR[0]
WARNING: [Synth 8-3331] design sng_port_arb has unconnected port AXI_ARADDR[12]
WARNING: [Synth 8-3331] design sng_port_arb has unconnected port AXI_ARADDR[11]
WARNING: [Synth 8-3331] design sng_port_arb has unconnected port AXI_ARADDR[10]
WARNING: [Synth 8-3331] design sng_port_arb has unconnected port AXI_ARADDR[9]
WARNING: [Synth 8-3331] design sng_port_arb has unconnected port AXI_ARADDR[8]
WARNING: [Synth 8-3331] design sng_port_arb has unconnected port AXI_ARADDR[7]
WARNING: [Synth 8-3331] design sng_port_arb has unconnected port AXI_ARADDR[6]
WARNING: [Synth 8-3331] design sng_port_arb has unconnected port AXI_ARADDR[5]
WARNING: [Synth 8-3331] design sng_port_arb has unconnected port AXI_ARADDR[4]
WARNING: [Synth 8-3331] design sng_port_arb has unconnected port AXI_ARADDR[3]
WARNING: [Synth 8-3331] design sng_port_arb has unconnected port AXI_ARADDR[2]
WARNING: [Synth 8-3331] design sng_port_arb has unconnected port AXI_ARADDR[1]
WARNING: [Synth 8-3331] design sng_port_arb has unconnected port AXI_ARADDR[0]
WARNING: [Synth 8-3331] design wrap_brst has unconnected port curr_axlen[7]
WARNING: [Synth 8-3331] design wrap_brst has unconnected port curr_axlen[6]
WARNING: [Synth 8-3331] design wrap_brst has unconnected port curr_axlen[5]
WARNING: [Synth 8-3331] design wrap_brst has unconnected port curr_axlen[4]
WARNING: [Synth 8-3331] design wrap_brst has unconnected port bram_addr_ld[3]
WARNING: [Synth 8-3331] design wrap_brst has unconnected port bram_addr_int[12]
WARNING: [Synth 8-3331] design wrap_brst has unconnected port bram_addr_int[11]
WARNING: [Synth 8-3331] design wrap_brst has unconnected port bram_addr_int[10]
WARNING: [Synth 8-3331] design wrap_brst has unconnected port bram_addr_int[9]
WARNING: [Synth 8-3331] design wrap_brst has unconnected port bram_addr_int[8]
WARNING: [Synth 8-3331] design wrap_brst has unconnected port bram_addr_int[7]
WARNING: [Synth 8-3331] design rd_chnl has unconnected port AXI_ARADDR[2]
WARNING: [Synth 8-3331] design rd_chnl has unconnected port AXI_ARADDR[1]
WARNING: [Synth 8-3331] design rd_chnl has unconnected port AXI_ARADDR[0]
WARNING: [Synth 8-3331] design rd_chnl has unconnected port AXI_ARLOCK
WARNING: [Synth 8-3331] design rd_chnl has unconnected port AXI_ARCACHE[3]
WARNING: [Synth 8-3331] design rd_chnl has unconnected port AXI_ARCACHE[2]
WARNING: [Synth 8-3331] design rd_chnl has unconnected port AXI_ARCACHE[1]
WARNING: [Synth 8-3331] design rd_chnl has unconnected port AXI_ARCACHE[0]
WARNING: [Synth 8-3331] design rd_chnl has unconnected port AXI_ARPROT[2]
WARNING: [Synth 8-3331] design rd_chnl has unconnected port AXI_ARPROT[1]
WARNING: [Synth 8-3331] design rd_chnl has unconnected port AXI_ARPROT[0]
WARNING: [Synth 8-3331] design rd_chnl has unconnected port AXI_ARVALID
WARNING: [Synth 8-3331] design rd_chnl has unconnected port Enable_ECC
WARNING: [Synth 8-3331] design rd_chnl has unconnected port Sng_arb_Arready
WARNING: [Synth 8-3331] design wr_chnl has unconnected port AXI_AWADDR[2]
WARNING: [Synth 8-3331] design wr_chnl has unconnected port AXI_AWADDR[1]
WARNING: [Synth 8-3331] design wr_chnl has unconnected port AXI_AWADDR[0]
WARNING: [Synth 8-3331] design wr_chnl has unconnected port AXI_AWLOCK
WARNING: [Synth 8-3331] design wr_chnl has unconnected port AXI_AWCACHE[3]
WARNING: [Synth 8-3331] design wr_chnl has unconnected port AXI_AWCACHE[2]
WARNING: [Synth 8-3331] design wr_chnl has unconnected port AXI_AWCACHE[1]
WARNING: [Synth 8-3331] design wr_chnl has unconnected port AXI_AWCACHE[0]
WARNING: [Synth 8-3331] design wr_chnl has unconnected port AXI_AWPROT[2]
WARNING: [Synth 8-3331] design wr_chnl has unconnected port AXI_AWPROT[1]
WARNING: [Synth 8-3331] design wr_chnl has unconnected port AXI_AWPROT[0]
WARNING: [Synth 8-3331] design wr_chnl has unconnected port Enable_ECC
WARNING: [Synth 8-3331] design wr_chnl has unconnected port FaultInjectData[63]
WARNING: [Synth 8-3331] design wr_chnl has unconnected port FaultInjectData[62]
WARNING: [Synth 8-3331] design wr_chnl has unconnected port FaultInjectData[61]
WARNING: [Synth 8-3331] design wr_chnl has unconnected port FaultInjectData[60]
WARNING: [Synth 8-3331] design wr_chnl has unconnected port FaultInjectData[59]
WARNING: [Synth 8-3331] design wr_chnl has unconnected port FaultInjectData[58]
WARNING: [Synth 8-3331] design wr_chnl has unconnected port FaultInjectData[57]
WARNING: [Synth 8-3331] design wr_chnl has unconnected port FaultInjectData[56]
WARNING: [Synth 8-3331] design wr_chnl has unconnected port FaultInjectData[55]
WARNING: [Synth 8-3331] design wr_chnl has unconnected port FaultInjectData[54]
WARNING: [Synth 8-3331] design wr_chnl has unconnected port FaultInjectData[53]
WARNING: [Synth 8-3331] design wr_chnl has unconnected port FaultInjectData[52]
WARNING: [Synth 8-3331] design wr_chnl has unconnected port FaultInjectData[51]
WARNING: [Synth 8-3331] design wr_chnl has unconnected port FaultInjectData[50]
WARNING: [Synth 8-3331] design wr_chnl has unconnected port FaultInjectData[49]
WARNING: [Synth 8-3331] design wr_chnl has unconnected port FaultInjectData[48]
WARNING: [Synth 8-3331] design wr_chnl has unconnected port FaultInjectData[47]
WARNING: [Synth 8-3331] design wr_chnl has unconnected port FaultInjectData[46]
WARNING: [Synth 8-3331] design wr_chnl has unconnected port FaultInjectData[45]
WARNING: [Synth 8-3331] design wr_chnl has unconnected port FaultInjectData[44]
WARNING: [Synth 8-3331] design wr_chnl has unconnected port FaultInjectData[43]
WARNING: [Synth 8-3331] design wr_chnl has unconnected port FaultInjectData[42]
WARNING: [Synth 8-3331] design wr_chnl has unconnected port FaultInjectData[41]
WARNING: [Synth 8-3331] design wr_chnl has unconnected port FaultInjectData[40]
WARNING: [Synth 8-3331] design wr_chnl has unconnected port FaultInjectData[39]
WARNING: [Synth 8-3331] design wr_chnl has unconnected port FaultInjectData[38]
WARNING: [Synth 8-3331] design wr_chnl has unconnected port FaultInjectData[37]
WARNING: [Synth 8-3331] design wr_chnl has unconnected port FaultInjectData[36]
WARNING: [Synth 8-3331] design wr_chnl has unconnected port FaultInjectData[35]
WARNING: [Synth 8-3331] design wr_chnl has unconnected port FaultInjectData[34]
WARNING: [Synth 8-3331] design wr_chnl has unconnected port FaultInjectData[33]
WARNING: [Synth 8-3331] design wr_chnl has unconnected port FaultInjectData[32]
WARNING: [Synth 8-3331] design wr_chnl has unconnected port FaultInjectData[31]
WARNING: [Synth 8-3331] design wr_chnl has unconnected port FaultInjectData[30]
WARNING: [Synth 8-3331] design wr_chnl has unconnected port FaultInjectData[29]
WARNING: [Synth 8-3331] design wr_chnl has unconnected port FaultInjectData[28]
WARNING: [Synth 8-3331] design wr_chnl has unconnected port FaultInjectData[27]
INFO: [Common 17-14] Message 'Synth 8-3331' appears 100 times and further instances of the messages will be disabled. Use the Tcl command set_msg_config to change the current settings.
---------------------------------------------------------------------------------
Finished RTL Elaboration : Time (s): cpu = 00:00:05 ; elapsed = 00:00:08 . Memory (MB): peak = 1738.988 ; gain = 216.434 ; free physical = 51235 ; free virtual = 57843
---------------------------------------------------------------------------------

Report Check Netlist: 
+------+------------------+-------+---------+-------+------------------+
|      |Item              |Errors |Warnings |Status |Description       |
+------+------------------+-------+---------+-------+------------------+
|1     |multi_driven_nets |      0|        0|Passed |Multi driven nets |
+------+------------------+-------+---------+-------+------------------+
---------------------------------------------------------------------------------
Start Handling Custom Attributes
---------------------------------------------------------------------------------
---------------------------------------------------------------------------------
Finished Handling Custom Attributes : Time (s): cpu = 00:00:05 ; elapsed = 00:00:08 . Memory (MB): peak = 1744.926 ; gain = 222.371 ; free physical = 51145 ; free virtual = 57754
---------------------------------------------------------------------------------
---------------------------------------------------------------------------------
Finished RTL Optimization Phase 1 : Time (s): cpu = 00:00:05 ; elapsed = 00:00:08 . Memory (MB): peak = 1744.926 ; gain = 222.371 ; free physical = 51145 ; free virtual = 57754
---------------------------------------------------------------------------------
INFO: [Netlist 29-17] Analyzing 9 Unisim elements for replacement
INFO: [Netlist 29-28] Unisim Transformation completed in 0 CPU seconds
INFO: [Project 1-570] Preparing netlist for logic optimization

Processing XDC Constraints
Initializing timing engine
Parsing XDC File [/home/peter/PicoEVB/20191/project_1.srcs/sources_1/bd/design_1/ip/design_1_axi_bram_ctrl_0_0/design_1_axi_bram_ctrl_0_0_ooc.xdc] for cell 'U0'
Finished Parsing XDC File [/home/peter/PicoEVB/20191/project_1.srcs/sources_1/bd/design_1/ip/design_1_axi_bram_ctrl_0_0/design_1_axi_bram_ctrl_0_0_ooc.xdc] for cell 'U0'
Parsing XDC File [/home/peter/PicoEVB/20191/project_1.runs/design_1_axi_bram_ctrl_0_0_synth_1/dont_touch.xdc]
Finished Parsing XDC File [/home/peter/PicoEVB/20191/project_1.runs/design_1_axi_bram_ctrl_0_0_synth_1/dont_touch.xdc]
Completed Processing XDC Constraints

Netlist sorting complete. Time (s): cpu = 00:00:00 ; elapsed = 00:00:00.01 . Memory (MB): peak = 1915.613 ; gain = 0.000 ; free physical = 51018 ; free virtual = 57627
INFO: [Project 1-111] Unisim Transformation Summary:
  A total of 5 instances were transformed.
  FDR => FDRE: 1 instances
  MUXCY_L => MUXCY: 4 instances

Constraint Validation Runtime : Time (s): cpu = 00:00:00.04 ; elapsed = 00:00:00.04 . Memory (MB): peak = 1918.582 ; gain = 2.969 ; free physical = 51028 ; free virtual = 57637
---------------------------------------------------------------------------------
Finished Constraint Validation : Time (s): cpu = 00:00:11 ; elapsed = 00:00:15 . Memory (MB): peak = 1918.582 ; gain = 396.027 ; free physical = 51066 ; free virtual = 57690
---------------------------------------------------------------------------------
---------------------------------------------------------------------------------
Start Loading Part and Timing Information
---------------------------------------------------------------------------------
Loading part: xc7a50tcsg325-2
---------------------------------------------------------------------------------
Finished Loading Part and Timing Information : Time (s): cpu = 00:00:11 ; elapsed = 00:00:15 . Memory (MB): peak = 1918.582 ; gain = 396.027 ; free physical = 51066 ; free virtual = 57689
---------------------------------------------------------------------------------
---------------------------------------------------------------------------------
Start Applying 'set_property' XDC Constraints
---------------------------------------------------------------------------------
Applied set_property DONT_TOUCH = true for U0. (constraint file  /home/peter/PicoEVB/20191/project_1.runs/design_1_axi_bram_ctrl_0_0_synth_1/dont_touch.xdc, line 9).
---------------------------------------------------------------------------------
Finished applying 'set_property' XDC Constraints : Time (s): cpu = 00:00:11 ; elapsed = 00:00:15 . Memory (MB): peak = 1918.582 ; gain = 396.027 ; free physical = 51064 ; free virtual = 57688
---------------------------------------------------------------------------------
INFO: [Synth 8-5544] ROM "wrap_burst_total_cmb" won't be mapped to Block RAM because address size (4) smaller than threshold (5)
INFO: [Synth 8-802] inferred FSM for state register 'GEN_WDATA_SM_NO_ECC_SNG_REG_WREADY.wr_data_sng_sm_cs_reg' in module 'wr_chnl'
INFO: [Synth 8-802] inferred FSM for state register 'GEN_NO_RD_CMD_OPT.rd_data_sm_cs_reg' in module 'rd_chnl'
INFO: [Synth 8-802] inferred FSM for state register 'GEN_NO_RD_CMD_OPT.rlast_sm_cs_reg' in module 'rd_chnl'
INFO: [Synth 8-5544] ROM "axi_rvalid_set_cmb" won't be mapped to Block RAM because address size (4) smaller than threshold (5)
INFO: [Synth 8-802] inferred FSM for state register 'arb_sm_cs_reg' in module 'sng_port_arb'
---------------------------------------------------------------------------------------------------
                   State |                     New Encoding |                Previous Encoding 
---------------------------------------------------------------------------------------------------
                    idle |                              001 |                               00
            brst_wr_data |                              010 |                               10
             sng_wr_data |                              100 |                               01
---------------------------------------------------------------------------------------------------
INFO: [Synth 8-3354] encoded FSM with state register 'GEN_WDATA_SM_NO_ECC_SNG_REG_WREADY.wr_data_sng_sm_cs_reg' using encoding 'one-hot' in module 'wr_chnl'
---------------------------------------------------------------------------------------------------
                   State |                     New Encoding |                Previous Encoding 
---------------------------------------------------------------------------------------------------
                    idle |                             0000 |                             0000
                sng_addr |                             0001 |                             0011
                sec_addr |                             0010 |                             0100
               full_pipe |                             0011 |                             0101
           full_throttle |                             0100 |                             0110
               last_addr |                             0101 |                             0111
           last_throttle |                             0110 |                             1000
               last_data |                             0111 |                             1001
       last_data_ar_pend |                             1000 |                             1010
---------------------------------------------------------------------------------------------------
INFO: [Synth 8-3354] encoded FSM with state register 'GEN_NO_RD_CMD_OPT.rd_data_sm_cs_reg' using encoding 'sequential' in module 'rd_chnl'
---------------------------------------------------------------------------------------------------
                   State |                     New Encoding |                Previous Encoding 
---------------------------------------------------------------------------------------------------
                    idle |                              000 |                              000
          w8_throttle_b2 |                              001 |                              101
             w8_throttle |                              010 |                              010
        w8_2nd_last_data |                              011 |                              011
            w8_last_data |                              100 |                              100
---------------------------------------------------------------------------------------------------
INFO: [Synth 8-3354] encoded FSM with state register 'GEN_NO_RD_CMD_OPT.rlast_sm_cs_reg' using encoding 'sequential' in module 'rd_chnl'
---------------------------------------------------------------------------------------------------
                   State |                     New Encoding |                Previous Encoding 
---------------------------------------------------------------------------------------------------
                    idle |                               00 |                               00
                 wr_data |                               01 |                               10
                 rd_data |                               10 |                               01
---------------------------------------------------------------------------------------------------
INFO: [Synth 8-3354] encoded FSM with state register 'arb_sm_cs_reg' using encoding 'sequential' in module 'sng_port_arb'
---------------------------------------------------------------------------------
Finished RTL Optimization Phase 2 : Time (s): cpu = 00:00:12 ; elapsed = 00:00:16 . Memory (MB): peak = 1918.582 ; gain = 396.027 ; free physical = 50985 ; free virtual = 57610
---------------------------------------------------------------------------------

Report RTL Partitions: 
+-+--------------+------------+----------+
| |RTL Partition |Replication |Instances |
+-+--------------+------------+----------+
+-+--------------+------------+----------+
---------------------------------------------------------------------------------
Start RTL Component Statistics 
---------------------------------------------------------------------------------
Detailed RTL Component Info : 
+---Adders : 
	   2 Input      9 Bit       Adders := 1     
	   2 Input      8 Bit       Adders := 1     
	   2 Input      3 Bit       Adders := 1     
+---XORs : 
	   2 Input      1 Bit         XORs := 4     
+---Registers : 
	               64 Bit    Registers := 1     
	               10 Bit    Registers := 1     
	                9 Bit    Registers := 2     
	                8 Bit    Registers := 2     
	                4 Bit    Registers := 3     
	                3 Bit    Registers := 3     
	                2 Bit    Registers := 2     
	                1 Bit    Registers := 167   
+---Muxes : 
	   2 Input     64 Bit        Muxes := 1     
	   5 Input     10 Bit        Muxes := 2     
	   2 Input     10 Bit        Muxes := 5     
	   2 Input      8 Bit        Muxes := 4     
	   2 Input      4 Bit        Muxes := 11    
	   9 Input      4 Bit        Muxes := 1     
	   4 Input      3 Bit        Muxes := 2     
	   5 Input      3 Bit        Muxes := 3     
	   2 Input      3 Bit        Muxes := 6     
	   3 Input      3 Bit        Muxes := 1     
	   3 Input      2 Bit        Muxes := 3     
	   4 Input      2 Bit        Muxes := 2     
	   2 Input      2 Bit        Muxes := 5     
	   2 Input      1 Bit        Muxes := 51    
	   3 Input      1 Bit        Muxes := 16    
	   9 Input      1 Bit        Muxes := 19    
	   5 Input      1 Bit        Muxes := 2     
---------------------------------------------------------------------------------
Finished RTL Component Statistics 
---------------------------------------------------------------------------------
---------------------------------------------------------------------------------
Start RTL Hierarchical Component Statistics 
---------------------------------------------------------------------------------
Hierarchical RTL Component report 
Module wrap_brst 
Detailed RTL Component Info : 
+---Registers : 
	                9 Bit    Registers := 1     
	                3 Bit    Registers := 1     
+---Muxes : 
	   5 Input     10 Bit        Muxes := 1     
	   4 Input      3 Bit        Muxes := 1     
	   5 Input      3 Bit        Muxes := 1     
	   2 Input      3 Bit        Muxes := 1     
	   3 Input      2 Bit        Muxes := 1     
	   4 Input      2 Bit        Muxes := 1     
	   2 Input      1 Bit        Muxes := 5     
Module SRL_FIFO 
Detailed RTL Component Info : 
+---XORs : 
	   2 Input      1 Bit         XORs := 4     
+---Muxes : 
	   2 Input      1 Bit        Muxes := 2     
Module wr_chnl 
Detailed RTL Component Info : 
+---Adders : 
	   2 Input      3 Bit       Adders := 1     
+---Registers : 
	                8 Bit    Registers := 1     
	                4 Bit    Registers := 1     
	                3 Bit    Registers := 1     
	                2 Bit    Registers := 1     
	                1 Bit    Registers := 74    
+---Muxes : 
	   2 Input     10 Bit        Muxes := 1     
	   2 Input      8 Bit        Muxes := 1     
	   2 Input      4 Bit        Muxes := 1     
	   3 Input      3 Bit        Muxes := 1     
	   2 Input      3 Bit        Muxes := 1     
	   2 Input      2 Bit        Muxes := 1     
	   2 Input      1 Bit        Muxes := 10    
	   3 Input      1 Bit        Muxes := 7     
Module rd_chnl 
Detailed RTL Component Info : 
+---Adders : 
	   2 Input      8 Bit       Adders := 1     
+---Registers : 
	               64 Bit    Registers := 1     
	                8 Bit    Registers := 1     
	                4 Bit    Registers := 2     
	                2 Bit    Registers := 1     
	                1 Bit    Registers := 88    
+---Muxes : 
	   2 Input     64 Bit        Muxes := 1     
	   2 Input     10 Bit        Muxes := 1     
	   2 Input      8 Bit        Muxes := 2     
	   9 Input      4 Bit        Muxes := 1     
	   2 Input      4 Bit        Muxes := 10    
	   5 Input      3 Bit        Muxes := 1     
	   2 Input      3 Bit        Muxes := 3     
	   2 Input      1 Bit        Muxes := 24    
	   3 Input      1 Bit        Muxes := 1     
	   9 Input      1 Bit        Muxes := 19    
	   5 Input      1 Bit        Muxes := 2     
Module sng_port_arb 
Detailed RTL Component Info : 
+---Registers : 
	                1 Bit    Registers := 5     
+---Muxes : 
	   3 Input      2 Bit        Muxes := 1     
	   2 Input      2 Bit        Muxes := 4     
	   2 Input      1 Bit        Muxes := 4     
	   3 Input      1 Bit        Muxes := 8     
Module full_axi 
Detailed RTL Component Info : 
+---Adders : 
	   2 Input      9 Bit       Adders := 1     
+---Registers : 
	               10 Bit    Registers := 1     
+---Muxes : 
	   2 Input     10 Bit        Muxes := 3     
	   2 Input      8 Bit        Muxes := 1     
	   2 Input      1 Bit        Muxes := 1     
---------------------------------------------------------------------------------
Finished RTL Hierarchical Component Statistics
---------------------------------------------------------------------------------
---------------------------------------------------------------------------------
Start Part Resource Summary
---------------------------------------------------------------------------------
Part Resources:
DSPs: 120 (col length:60)
BRAMs: 150 (col length: RAMB18 60 RAMB36 30)
---------------------------------------------------------------------------------
Finished Part Resource Summary
---------------------------------------------------------------------------------
---------------------------------------------------------------------------------
Start Cross Boundary and Area Optimization
---------------------------------------------------------------------------------
Warning: Parallel synthesis criteria is not met 
INFO: [Synth 8-3333] propagating constant 0 across sequential element (U0/\gext_inst.abcv4_0_ext_inst/GEN_AXI4.I_FULL_AXI/I_RD_CHNL/GEN_NO_RD_CMD_OPT.axi_b2b_brst_reg )
INFO: [Synth 8-3886] merging instance 'U0/gext_inst.abcv4_0_ext_inst/GEN_AXI4.I_FULL_AXI/I_RD_CHNL/GEN_NO_RD_CMD_OPT.GEN_RRESP.axi_rresp_int_reg[0]' (FDRE) to 'U0/gext_inst.abcv4_0_ext_inst/GEN_AXI4.I_FULL_AXI/I_RD_CHNL/GEN_NO_RD_CMD_OPT.GEN_RRESP.axi_rresp_int_reg[1]'
INFO: [Synth 8-3333] propagating constant 0 across sequential element (U0/\gext_inst.abcv4_0_ext_inst/GEN_AXI4.I_FULL_AXI/I_RD_CHNL/GEN_NO_RD_CMD_OPT.GEN_RRESP.axi_rresp_int_reg[1] )
INFO: [Synth 8-3886] merging instance 'U0/gext_inst.abcv4_0_ext_inst/GEN_AXI4.I_FULL_AXI/I_WR_CHNL/GEN_BRESP.axi_bresp_int_reg[0]' (FDRE) to 'U0/gext_inst.abcv4_0_ext_inst/GEN_AXI4.I_FULL_AXI/I_WR_CHNL/GEN_BRESP.axi_bresp_int_reg[1]'
INFO: [Synth 8-3333] propagating constant 0 across sequential element (U0/\gext_inst.abcv4_0_ext_inst/GEN_AXI4.I_FULL_AXI/I_WR_CHNL/GEN_BRESP.axi_bresp_int_reg[1] )
---------------------------------------------------------------------------------
Finished Cross Boundary and Area Optimization : Time (s): cpu = 00:00:13 ; elapsed = 00:00:18 . Memory (MB): peak = 1918.582 ; gain = 396.027 ; free physical = 50922 ; free virtual = 57551
---------------------------------------------------------------------------------

Report RTL Partitions: 
+-+--------------+------------+----------+
| |RTL Partition |Replication |Instances |
+-+--------------+------------+----------+
+-+--------------+------------+----------+
---------------------------------------------------------------------------------
Start Applying XDC Timing Constraints
---------------------------------------------------------------------------------
---------------------------------------------------------------------------------
Finished Applying XDC Timing Constraints : Time (s): cpu = 00:00:19 ; elapsed = 00:00:24 . Memory (MB): peak = 1918.582 ; gain = 396.027 ; free physical = 52507 ; free virtual = 59125
---------------------------------------------------------------------------------
---------------------------------------------------------------------------------
Start Timing Optimization
---------------------------------------------------------------------------------
---------------------------------------------------------------------------------
Finished Timing Optimization : Time (s): cpu = 00:00:21 ; elapsed = 00:00:26 . Memory (MB): peak = 1918.582 ; gain = 396.027 ; free physical = 52958 ; free virtual = 59590
---------------------------------------------------------------------------------

Report RTL Partitions: 
+-+--------------+------------+----------+
| |RTL Partition |Replication |Instances |
+-+--------------+------------+----------+
+-+--------------+------------+----------+
---------------------------------------------------------------------------------
Start Technology Mapping
---------------------------------------------------------------------------------
---------------------------------------------------------------------------------
Finished Technology Mapping : Time (s): cpu = 00:00:21 ; elapsed = 00:00:26 . Memory (MB): peak = 1918.582 ; gain = 396.027 ; free physical = 52925 ; free virtual = 59558
---------------------------------------------------------------------------------

Report RTL Partitions: 
+-+--------------+------------+----------+
| |RTL Partition |Replication |Instances |
+-+--------------+------------+----------+
+-+--------------+------------+----------+
---------------------------------------------------------------------------------
Start IO Insertion
---------------------------------------------------------------------------------
---------------------------------------------------------------------------------
Start Flattening Before IO Insertion
---------------------------------------------------------------------------------
---------------------------------------------------------------------------------
Finished Flattening Before IO Insertion
---------------------------------------------------------------------------------
---------------------------------------------------------------------------------
Start Final Netlist Cleanup
---------------------------------------------------------------------------------
---------------------------------------------------------------------------------
Finished Final Netlist Cleanup
---------------------------------------------------------------------------------
---------------------------------------------------------------------------------
Finished IO Insertion : Time (s): cpu = 00:00:23 ; elapsed = 00:00:28 . Memory (MB): peak = 1918.582 ; gain = 396.027 ; free physical = 52843 ; free virtual = 59477
---------------------------------------------------------------------------------

Report Check Netlist: 
+------+------------------+-------+---------+-------+------------------+
|      |Item              |Errors |Warnings |Status |Description       |
+------+------------------+-------+---------+-------+------------------+
|1     |multi_driven_nets |      0|        0|Passed |Multi driven nets |
+------+------------------+-------+---------+-------+------------------+
---------------------------------------------------------------------------------
Start Renaming Generated Instances
---------------------------------------------------------------------------------
---------------------------------------------------------------------------------
Finished Renaming Generated Instances : Time (s): cpu = 00:00:23 ; elapsed = 00:00:28 . Memory (MB): peak = 1918.582 ; gain = 396.027 ; free physical = 52842 ; free virtual = 59476
---------------------------------------------------------------------------------

Report RTL Partitions: 
+-+--------------+------------+----------+
| |RTL Partition |Replication |Instances |
+-+--------------+------------+----------+
+-+--------------+------------+----------+
---------------------------------------------------------------------------------
Start Rebuilding User Hierarchy
---------------------------------------------------------------------------------
---------------------------------------------------------------------------------
Finished Rebuilding User Hierarchy : Time (s): cpu = 00:00:23 ; elapsed = 00:00:28 . Memory (MB): peak = 1918.582 ; gain = 396.027 ; free physical = 52839 ; free virtual = 59472
---------------------------------------------------------------------------------
---------------------------------------------------------------------------------
Start Renaming Generated Ports
---------------------------------------------------------------------------------
---------------------------------------------------------------------------------
Finished Renaming Generated Ports : Time (s): cpu = 00:00:23 ; elapsed = 00:00:28 . Memory (MB): peak = 1918.582 ; gain = 396.027 ; free physical = 52839 ; free virtual = 59472
---------------------------------------------------------------------------------
---------------------------------------------------------------------------------
Start Handling Custom Attributes
---------------------------------------------------------------------------------
---------------------------------------------------------------------------------
Finished Handling Custom Attributes : Time (s): cpu = 00:00:23 ; elapsed = 00:00:28 . Memory (MB): peak = 1918.582 ; gain = 396.027 ; free physical = 52837 ; free virtual = 59471
---------------------------------------------------------------------------------
---------------------------------------------------------------------------------
Start Renaming Generated Nets
---------------------------------------------------------------------------------
---------------------------------------------------------------------------------
Finished Renaming Generated Nets : Time (s): cpu = 00:00:23 ; elapsed = 00:00:28 . Memory (MB): peak = 1918.582 ; gain = 396.027 ; free physical = 52837 ; free virtual = 59471
---------------------------------------------------------------------------------
---------------------------------------------------------------------------------
Start Writing Synthesis Report
---------------------------------------------------------------------------------

Report BlackBoxes: 
+-+--------------+----------+
| |BlackBox name |Instances |
+-+--------------+----------+
+-+--------------+----------+

Report Cell Usage: 
+------+--------+------+
|      |Cell    |Count |
+------+--------+------+
|1     |LUT1    |     1|
|2     |LUT2    |    27|
|3     |LUT3    |    86|
|4     |LUT4    |    36|
|5     |LUT5    |    30|
|6     |LUT6    |   105|
|7     |MUXCY_L |     3|
|8     |SRL16E  |     4|
|9     |XORCY   |     4|
|10    |FDR     |     1|
|11    |FDRE    |   310|
|12    |FDSE    |     1|
+------+--------+------+

Report Instance Areas: 
+------+------------------------------------------+------------------+------+
|      |Instance                                  |Module            |Cells |
+------+------------------------------------------+------------------+------+
|1     |top                                       |                  |   608|
|2     |  U0                                      |axi_bram_ctrl     |   608|
|3     |    \gext_inst.abcv4_0_ext_inst           |axi_bram_ctrl_top |   608|
|4     |      \GEN_AXI4.I_FULL_AXI                |full_axi          |   608|
|5     |        \GEN_ARB.I_SNG_PORT               |sng_port_arb      |    32|
|6     |        I_RD_CHNL                         |rd_chnl           |   377|
|7     |          \GEN_NO_RD_CMD_OPT.I_WRAP_BRST  |wrap_brst_0       |    46|
|8     |        I_WR_CHNL                         |wr_chnl           |   182|
|9     |          BID_FIFO                        |SRL_FIFO          |    34|
|10    |          I_WRAP_BRST                     |wrap_brst         |    34|
+------+------------------------------------------+------------------+------+
---------------------------------------------------------------------------------
Finished Writing Synthesis Report : Time (s): cpu = 00:00:23 ; elapsed = 00:00:28 . Memory (MB): peak = 1918.582 ; gain = 396.027 ; free physical = 52837 ; free virtual = 59470
---------------------------------------------------------------------------------
Synthesis finished with 0 errors, 0 critical warnings and 197 warnings.
Synthesis Optimization Runtime : Time (s): cpu = 00:00:21 ; elapsed = 00:00:26 . Memory (MB): peak = 1918.582 ; gain = 222.371 ; free physical = 52890 ; free virtual = 59523
Synthesis Optimization Complete : Time (s): cpu = 00:00:23 ; elapsed = 00:00:29 . Memory (MB): peak = 1918.582 ; gain = 396.027 ; free physical = 52889 ; free virtual = 59522
INFO: [Project 1-571] Translating synthesized netlist
INFO: [Netlist 29-17] Analyzing 8 Unisim elements for replacement
INFO: [Netlist 29-28] Unisim Transformation completed in 0 CPU seconds
INFO: [Project 1-570] Preparing netlist for logic optimization
INFO: [Opt 31-138] Pushed 0 inverter(s) to 0 load pin(s).
Netlist sorting complete. Time (s): cpu = 00:00:00 ; elapsed = 00:00:00 . Memory (MB): peak = 1921.551 ; gain = 0.000 ; free physical = 52837 ; free virtual = 59458
INFO: [Project 1-111] Unisim Transformation Summary:
  A total of 2 instances were transformed.
  (MUXCY,XORCY) => CARRY4: 1 instances
  FDR => FDRE: 1 instances

INFO: [Common 17-83] Releasing license: Synthesis
78 Infos, 108 Warnings, 0 Critical Warnings and 0 Errors encountered.
synth_design completed successfully
synth_design: Time (s): cpu = 00:00:27 ; elapsed = 00:00:33 . Memory (MB): peak = 1921.551 ; gain = 535.383 ; free physical = 52937 ; free virtual = 59559
Netlist sorting complete. Time (s): cpu = 00:00:00 ; elapsed = 00:00:00 . Memory (MB): peak = 1921.551 ; gain = 0.000 ; free physical = 52937 ; free virtual = 59559
WARNING: [Constraints 18-5210] No constraints selected for write.
Resolution: This message can indicate that there are no constraints for the design, or it can indicate that the used_in flags are set such that the constraints are ignored. This later case is used when running synth_design to not write synthesis constraints to the resulting checkpoint. Instead, project constraints are read when the synthesized design is opened.
INFO: [Common 17-1381] The checkpoint '/home/peter/PicoEVB/20191/project_1.runs/design_1_axi_bram_ctrl_0_0_synth_1/design_1_axi_bram_ctrl_0_0.dcp' has been generated.
WARNING: [Common 17-576] 'use_project_ipc' is deprecated. This option is deprecated and no longer used.
INFO: [Coretcl 2-1648] Added synthesis output to IP cache for IP design_1_axi_bram_ctrl_0_0, cache-ID = fd655560c778cdc8
INFO: [Coretcl 2-1174] Renamed 9 cell refs.
Netlist sorting complete. Time (s): cpu = 00:00:00 ; elapsed = 00:00:00 . Memory (MB): peak = 1945.562 ; gain = 0.000 ; free physical = 52872 ; free virtual = 59495
WARNING: [Constraints 18-5210] No constraints selected for write.
Resolution: This message can indicate that there are no constraints for the design, or it can indicate that the used_in flags are set such that the constraints are ignored. This later case is used when running synth_design to not write synthesis constraints to the resulting checkpoint. Instead, project constraints are read when the synthesized design is opened.
INFO: [Common 17-1381] The checkpoint '/home/peter/PicoEVB/20191/project_1.runs/design_1_axi_bram_ctrl_0_0_synth_1/design_1_axi_bram_ctrl_0_0.dcp' has been generated.
INFO: [runtcl-4] Executing : report_utilization -file design_1_axi_bram_ctrl_0_0_utilization_synth.rpt -pb design_1_axi_bram_ctrl_0_0_utilization_synth.pb
INFO: [Common 17-206] Exiting Vivado at Wed May 19 17:11:55 2021...
